[23-Jun-2016 02:16:39 UTC] PHP Warning:  mysql_connect(): Access denied for user 'root'@'localhost' (using password: YES) in /home/ubuntu/workspace/cyp05/Demo/Demo_json_encode.php on line 8
[23-Jun-2016 02:16:39 UTC] PHP Stack trace:
[23-Jun-2016 02:16:39 UTC] PHP   1. {main}() /home/ubuntu/workspace/cyp05/Demo/Demo_json_encode.php:0
[23-Jun-2016 02:16:39 UTC] PHP   2. mysql_connect() /home/ubuntu/workspace/cyp05/Demo/Demo_json_encode.php:8
[23-Jun-2016 06:21:13 UTC] PHP Parse error:  syntax error, unexpected 'echo' (T_ECHO) in /home/ubuntu/workspace/cyp05/020_Type_Variables/VarsAdd.php on line 6
[23-Jun-2016 06:22:53 UTC] PHP Parse error:  syntax error, unexpected '<' in /home/ubuntu/workspace/cyp05/020_Type_Variables/VarsAdd.php on line 6
[23-Jun-2016 06:26:13 UTC] PHP Fatal error:  Function name must be a string in /home/ubuntu/workspace/cyp05/020_Type_Variables/test_strtotime.php on line 3
[23-Jun-2016 06:26:13 UTC] PHP Stack trace:
[23-Jun-2016 06:26:13 UTC] PHP   1. {main}() /home/ubuntu/workspace/cyp05/020_Type_Variables/test_strtotime.php:0
[23-Jun-2016 06:26:48 UTC] PHP Fatal error:  Function name must be a string in /home/ubuntu/workspace/cyp05/020_Type_Variables/test_strtotime.php on line 3
[23-Jun-2016 06:26:48 UTC] PHP Stack trace:
[23-Jun-2016 06:26:48 UTC] PHP   1. {main}() /home/ubuntu/workspace/cyp05/020_Type_Variables/test_strtotime.php:0
[23-Jun-2016 06:27:18 UTC] PHP Fatal error:  Function name must be a string in /home/ubuntu/workspace/cyp05/020_Type_Variables/test_strtotime.php on line 3
[23-Jun-2016 06:27:18 UTC] PHP Stack trace:
[23-Jun-2016 06:27:18 UTC] PHP   1. {main}() /home/ubuntu/workspace/cyp05/020_Type_Variables/test_strtotime.php:0
[23-Jun-2016 06:27:44 UTC] PHP Fatal error:  Function name must be a string in /home/ubuntu/workspace/cyp05/020_Type_Variables/test_strtotime.php on line 3
[23-Jun-2016 06:27:44 UTC] PHP Stack trace:
[23-Jun-2016 06:27:44 UTC] PHP   1. {main}() /home/ubuntu/workspace/cyp05/020_Type_Variables/test_strtotime.php:0
[27-Jun-2016 05:54:30 UTC] PHP Parse error:  syntax error, unexpected 'if' (T_IF), expecting ',' or ';' in /home/ubuntu/workspace/cyp05/090_InputOutput/IO_3.php on line 14
[27-Jun-2016 06:23:48 UTC] PHP Warning:  fclose() expects parameter 1 to be resource, string given in /home/ubuntu/workspace/cyp05/090_InputOutput/IO_9.php on line 7
[27-Jun-2016 06:23:48 UTC] PHP Stack trace:
[27-Jun-2016 06:23:48 UTC] PHP   1. {main}() /home/ubuntu/workspace/cyp05/090_InputOutput/IO_9.php:0
[27-Jun-2016 06:23:48 UTC] PHP   2. fclose() /home/ubuntu/workspace/cyp05/090_InputOutput/IO_9.php:7
[28-Jun-2016 07:32:07 UTC] PHP Warning:  Invalid argument supplied for foreach() in /home/ubuntu/workspace/cyp05/080_Array/demo_ForEach.php on line 9
[28-Jun-2016 07:32:07 UTC] PHP Stack trace:
[28-Jun-2016 07:32:07 UTC] PHP   1. {main}() /home/ubuntu/workspace/cyp05/080_Array/demo_ForEach.php:0
[28-Jun-2016 07:32:08 UTC] PHP Warning:  Invalid argument supplied for foreach() in /home/ubuntu/workspace/cyp05/080_Array/demo_ForEach.php on line 9
[28-Jun-2016 07:32:08 UTC] PHP Stack trace:
[28-Jun-2016 07:32:08 UTC] PHP   1. {main}() /home/ubuntu/workspace/cyp05/080_Array/demo_ForEach.php:0
[28-Jun-2016 07:32:08 UTC] PHP Warning:  Invalid argument supplied for foreach() in /home/ubuntu/workspace/cyp05/080_Array/demo_ForEach.php on line 9
[28-Jun-2016 07:32:08 UTC] PHP Stack trace:
[28-Jun-2016 07:32:08 UTC] PHP   1. {main}() /home/ubuntu/workspace/cyp05/080_Array/demo_ForEach.php:0
[28-Jun-2016 07:32:08 UTC] PHP Warning:  Invalid argument supplied for foreach() in /home/ubuntu/workspace/cyp05/080_Array/demo_ForEach.php on line 9
[28-Jun-2016 07:32:08 UTC] PHP Stack trace:
[28-Jun-2016 07:32:08 UTC] PHP   1. {main}() /home/ubuntu/workspace/cyp05/080_Array/demo_ForEach.php:0
[28-Jun-2016 07:32:08 UTC] PHP Warning:  Invalid argument supplied for foreach() in /home/ubuntu/workspace/cyp05/080_Array/demo_ForEach.php on line 9
[28-Jun-2016 07:32:08 UTC] PHP Stack trace:
[28-Jun-2016 07:32:08 UTC] PHP   1. {main}() /home/ubuntu/workspace/cyp05/080_Array/demo_ForEach.php:0
[28-Jun-2016 07:32:09 UTC] PHP Warning:  Invalid argument supplied for foreach() in /home/ubuntu/workspace/cyp05/080_Array/demo_ForEach.php on line 9
[28-Jun-2016 07:32:09 UTC] PHP Stack trace:
[28-Jun-2016 07:32:09 UTC] PHP   1. {main}() /home/ubuntu/workspace/cyp05/080_Array/demo_ForEach.php:0
[28-Jun-2016 07:32:09 UTC] PHP Warning:  Invalid argument supplied for foreach() in /home/ubuntu/workspace/cyp05/080_Array/demo_ForEach.php on line 9
[28-Jun-2016 07:32:09 UTC] PHP Stack trace:
[28-Jun-2016 07:32:09 UTC] PHP   1. {main}() /home/ubuntu/workspace/cyp05/080_Array/demo_ForEach.php:0
[28-Jun-2016 07:32:28 UTC] PHP Warning:  Invalid argument supplied for foreach() in /home/ubuntu/workspace/cyp05/080_Array/demo_ForEach.php on line 9
[28-Jun-2016 07:32:28 UTC] PHP Stack trace:
[28-Jun-2016 07:32:28 UTC] PHP   1. {main}() /home/ubuntu/workspace/cyp05/080_Array/demo_ForEach.php:0
[28-Jun-2016 07:34:13 UTC] PHP Warning:  Invalid argument supplied for foreach() in /home/ubuntu/workspace/cyp05/080_Array/demo_ForEach.php on line 9
[28-Jun-2016 07:34:13 UTC] PHP Stack trace:
[28-Jun-2016 07:34:13 UTC] PHP   1. {main}() /home/ubuntu/workspace/cyp05/080_Array/demo_ForEach.php:0
[28-Jun-2016 07:34:16 UTC] PHP Warning:  Invalid argument supplied for foreach() in /home/ubuntu/workspace/cyp05/080_Array/demo_ForEach.php on line 9
[28-Jun-2016 07:34:16 UTC] PHP Stack trace:
[28-Jun-2016 07:34:16 UTC] PHP   1. {main}() /home/ubuntu/workspace/cyp05/080_Array/demo_ForEach.php:0
[28-Jun-2016 08:06:37 UTC] PHP Parse error:  syntax error, unexpected 'echo' (T_ECHO) in /home/ubuntu/workspace/cyp05/090_InputOutput/IO_1.php on line 4
[28-Jun-2016 09:07:55 UTC] PHP Warning:  fclose() expects parameter 1 to be resource, string given in /home/ubuntu/workspace/cyp05/090_InputOutput/IO_9.php on line 7
[28-Jun-2016 09:07:55 UTC] PHP Stack trace:
[28-Jun-2016 09:07:55 UTC] PHP   1. {main}() /home/ubuntu/workspace/cyp05/090_InputOutput/IO_9.php:0
[28-Jun-2016 09:07:55 UTC] PHP   2. fclose() /home/ubuntu/workspace/cyp05/090_InputOutput/IO_9.php:7
[28-Jun-2016 09:19:37 UTC] PHP Warning:  fclose() expects parameter 1 to be resource, string given in /home/ubuntu/workspace/cyp05/090_InputOutput/IO_9.php on line 7
[28-Jun-2016 09:19:37 UTC] PHP Stack trace:
[28-Jun-2016 09:19:37 UTC] PHP   1. {main}() /home/ubuntu/workspace/cyp05/090_InputOutput/IO_9.php:0
[28-Jun-2016 09:19:37 UTC] PHP   2. fclose() /home/ubuntu/workspace/cyp05/090_InputOutput/IO_9.php:7
